{
  "/Users/anthonys/turing/4module/projects/capstone/eat-local-fe/src/apiCalls.js": {
    "path": "/Users/anthonys/turing/4module/projects/capstone/eat-local-fe/src/apiCalls.js",
    "statementMap": {
      "0": {
        "start": {
          "line": 1,
          "column": 16
        },
        "end": {
          "line": 1,
          "column": 69
        }
      },
      "1": {
        "start": {
          "line": 3,
          "column": 19
        },
        "end": {
          "line": 8,
          "column": 1
        }
      },
      "2": {
        "start": {
          "line": 4,
          "column": 2
        },
        "end": {
          "line": 6,
          "column": 3
        }
      },
      "3": {
        "start": {
          "line": 5,
          "column": 4
        },
        "end": {
          "line": 5,
          "column": 42
        }
      },
      "4": {
        "start": {
          "line": 7,
          "column": 2
        },
        "end": {
          "line": 7,
          "column": 25
        }
      },
      "5": {
        "start": {
          "line": 10,
          "column": 20
        },
        "end": {
          "line": 13,
          "column": 1
        }
      },
      "6": {
        "start": {
          "line": 11,
          "column": 2
        },
        "end": {
          "line": 12,
          "column": 43
        }
      },
      "7": {
        "start": {
          "line": 12,
          "column": 22
        },
        "end": {
          "line": 12,
          "column": 42
        }
      }
    },
    "fnMap": {
      "0": {
        "name": "(anonymous_0)",
        "decl": {
          "start": {
            "line": 3,
            "column": 19
          },
          "end": {
            "line": 3,
            "column": 20
          }
        },
        "loc": {
          "start": {
            "line": 3,
            "column": 33
          },
          "end": {
            "line": 8,
            "column": 1
          }
        },
        "line": 3
      },
      "1": {
        "name": "(anonymous_1)",
        "decl": {
          "start": {
            "line": 10,
            "column": 20
          },
          "end": {
            "line": 10,
            "column": 21
          }
        },
        "loc": {
          "start": {
            "line": 10,
            "column": 40
          },
          "end": {
            "line": 13,
            "column": 1
          }
        },
        "line": 10
      },
      "2": {
        "name": "(anonymous_2)",
        "decl": {
          "start": {
            "line": 12,
            "column": 10
          },
          "end": {
            "line": 12,
            "column": 11
          }
        },
        "loc": {
          "start": {
            "line": 12,
            "column": 22
          },
          "end": {
            "line": 12,
            "column": 42
          }
        },
        "line": 12
      }
    },
    "branchMap": {
      "0": {
        "loc": {
          "start": {
            "line": 4,
            "column": 2
          },
          "end": {
            "line": 6,
            "column": 3
          }
        },
        "type": "if",
        "locations": [
          {
            "start": {
              "line": 4,
              "column": 2
            },
            "end": {
              "line": 6,
              "column": 3
            }
          },
          {
            "start": {
              "line": 4,
              "column": 2
            },
            "end": {
              "line": 6,
              "column": 3
            }
          }
        ],
        "line": 4
      }
    },
    "s": {
      "0": 13,
      "1": 13,
      "2": 27,
      "3": 0,
      "4": 27,
      "5": 13,
      "6": 41,
      "7": 27
    },
    "f": {
      "0": 27,
      "1": 41,
      "2": 27
    },
    "b": {
      "0": [
        0,
        27
      ]
    },
    "_coverageSchema": "1a1c01bbd47fc00a2c39e90264f33305004495a9",
    "hash": "47c55715934726202474908c290f617d23d15999"
  },
  "/Users/anthonys/turing/4module/projects/capstone/eat-local-fe/src/components/Search/Search.js": {
    "path": "/Users/anthonys/turing/4module/projects/capstone/eat-local-fe/src/components/Search/Search.js",
    "statementMap": {
      "0": {
        "start": {
          "line": 5,
          "column": 15
        },
        "end": {
          "line": 65,
          "column": 1
        }
      },
      "1": {
        "start": {
          "line": 6,
          "column": 18
        },
        "end": {
          "line": 6,
          "column": 30
        }
      },
      "2": {
        "start": {
          "line": 8,
          "column": 22
        },
        "end": {
          "line": 12,
          "column": 3
        }
      },
      "3": {
        "start": {
          "line": 9,
          "column": 4
        },
        "end": {
          "line": 9,
          "column": 27
        }
      },
      "4": {
        "start": {
          "line": 10,
          "column": 18
        },
        "end": {
          "line": 10,
          "column": 40
        }
      },
      "5": {
        "start": {
          "line": 11,
          "column": 4
        },
        "end": {
          "line": 11,
          "column": 30
        }
      },
      "6": {
        "start": {
          "line": 14,
          "column": 25
        },
        "end": {
          "line": 16,
          "column": 3
        }
      },
      "7": {
        "start": {
          "line": 15,
          "column": 4
        },
        "end": {
          "line": 15,
          "column": 28
        }
      },
      "8": {
        "start": {
          "line": 18,
          "column": 2
        },
        "end": {
          "line": 64,
          "column": 3
        }
      },
      "9": {
        "start": {
          "line": 29,
          "column": 33
        },
        "end": {
          "line": 29,
          "column": 64
        }
      },
      "10": {
        "start": {
          "line": 41,
          "column": 31
        },
        "end": {
          "line": 41,
          "column": 62
        }
      },
      "11": {
        "start": {
          "line": 50,
          "column": 31
        },
        "end": {
          "line": 50,
          "column": 62
        }
      },
      "12": {
        "start": {
          "line": 59,
          "column": 31
        },
        "end": {
          "line": 59,
          "column": 62
        }
      }
    },
    "fnMap": {
      "0": {
        "name": "(anonymous_0)",
        "decl": {
          "start": {
            "line": 5,
            "column": 15
          },
          "end": {
            "line": 5,
            "column": 16
          }
        },
        "loc": {
          "start": {
            "line": 5,
            "column": 80
          },
          "end": {
            "line": 65,
            "column": 1
          }
        },
        "line": 5
      },
      "1": {
        "name": "(anonymous_1)",
        "decl": {
          "start": {
            "line": 8,
            "column": 22
          },
          "end": {
            "line": 8,
            "column": 23
          }
        },
        "loc": {
          "start": {
            "line": 8,
            "column": 33
          },
          "end": {
            "line": 12,
            "column": 3
          }
        },
        "line": 8
      },
      "2": {
        "name": "(anonymous_2)",
        "decl": {
          "start": {
            "line": 14,
            "column": 25
          },
          "end": {
            "line": 14,
            "column": 26
          }
        },
        "loc": {
          "start": {
            "line": 14,
            "column": 31
          },
          "end": {
            "line": 16,
            "column": 3
          }
        },
        "line": 14
      },
      "3": {
        "name": "(anonymous_3)",
        "decl": {
          "start": {
            "line": 29,
            "column": 22
          },
          "end": {
            "line": 29,
            "column": 23
          }
        },
        "loc": {
          "start": {
            "line": 29,
            "column": 33
          },
          "end": {
            "line": 29,
            "column": 64
          }
        },
        "line": 29
      },
      "4": {
        "name": "(anonymous_4)",
        "decl": {
          "start": {
            "line": 41,
            "column": 20
          },
          "end": {
            "line": 41,
            "column": 21
          }
        },
        "loc": {
          "start": {
            "line": 41,
            "column": 31
          },
          "end": {
            "line": 41,
            "column": 62
          }
        },
        "line": 41
      },
      "5": {
        "name": "(anonymous_5)",
        "decl": {
          "start": {
            "line": 50,
            "column": 20
          },
          "end": {
            "line": 50,
            "column": 21
          }
        },
        "loc": {
          "start": {
            "line": 50,
            "column": 31
          },
          "end": {
            "line": 50,
            "column": 62
          }
        },
        "line": 50
      },
      "6": {
        "name": "(anonymous_6)",
        "decl": {
          "start": {
            "line": 59,
            "column": 20
          },
          "end": {
            "line": 59,
            "column": 21
          }
        },
        "loc": {
          "start": {
            "line": 59,
            "column": 31
          },
          "end": {
            "line": 59,
            "column": 62
          }
        },
        "line": 59
      }
    },
    "branchMap": {},
    "s": {
      "0": 13,
      "1": 256,
      "2": 256,
      "3": 2,
      "4": 2,
      "5": 2,
      "6": 256,
      "7": 2,
      "8": 256,
      "9": 12,
      "10": 0,
      "11": 0,
      "12": 0
    },
    "f": {
      "0": 256,
      "1": 2,
      "2": 2,
      "3": 12,
      "4": 0,
      "5": 0,
      "6": 0
    },
    "b": {},
    "_coverageSchema": "1a1c01bbd47fc00a2c39e90264f33305004495a9",
    "hash": "4df13075a53dd8907c736724f421e003cbc7555a"
  },
  "/Users/anthonys/turing/4module/projects/capstone/eat-local-fe/src/components/Login/Login.js": {
    "path": "/Users/anthonys/turing/4module/projects/capstone/eat-local-fe/src/components/Login/Login.js",
    "statementMap": {
      "0": {
        "start": {
          "line": 4,
          "column": 14
        },
        "end": {
          "line": 40,
          "column": 1
        }
      },
      "1": {
        "start": {
          "line": 5,
          "column": 40
        },
        "end": {
          "line": 5,
          "column": 52
        }
      },
      "2": {
        "start": {
          "line": 7,
          "column": 23
        },
        "end": {
          "line": 16,
          "column": 3
        }
      },
      "3": {
        "start": {
          "line": 8,
          "column": 4
        },
        "end": {
          "line": 8,
          "column": 26
        }
      },
      "4": {
        "start": {
          "line": 9,
          "column": 4
        },
        "end": {
          "line": 15,
          "column": 5
        }
      },
      "5": {
        "start": {
          "line": 10,
          "column": 6
        },
        "end": {
          "line": 10,
          "column": 20
        }
      },
      "6": {
        "start": {
          "line": 11,
          "column": 6
        },
        "end": {
          "line": 11,
          "column": 19
        }
      },
      "7": {
        "start": {
          "line": 12,
          "column": 6
        },
        "end": {
          "line": 12,
          "column": 24
        }
      },
      "8": {
        "start": {
          "line": 14,
          "column": 6
        },
        "end": {
          "line": 14,
          "column": 59
        }
      },
      "9": {
        "start": {
          "line": 18,
          "column": 24
        },
        "end": {
          "line": 18,
          "column": 29
        }
      },
      "10": {
        "start": {
          "line": 19,
          "column": 2
        },
        "end": {
          "line": 21,
          "column": 3
        }
      },
      "11": {
        "start": {
          "line": 20,
          "column": 4
        },
        "end": {
          "line": 20,
          "column": 27
        }
      },
      "12": {
        "start": {
          "line": 23,
          "column": 2
        },
        "end": {
          "line": 39,
          "column": 3
        }
      },
      "13": {
        "start": {
          "line": 32,
          "column": 33
        },
        "end": {
          "line": 32,
          "column": 61
        }
      },
      "14": {
        "start": {
          "line": 34,
          "column": 60
        },
        "end": {
          "line": 34,
          "column": 79
        }
      }
    },
    "fnMap": {
      "0": {
        "name": "(anonymous_0)",
        "decl": {
          "start": {
            "line": 4,
            "column": 14
          },
          "end": {
            "line": 4,
            "column": 15
          }
        },
        "loc": {
          "start": {
            "line": 4,
            "column": 60
          },
          "end": {
            "line": 40,
            "column": 1
          }
        },
        "line": 4
      },
      "1": {
        "name": "(anonymous_1)",
        "decl": {
          "start": {
            "line": 7,
            "column": 23
          },
          "end": {
            "line": 7,
            "column": 24
          }
        },
        "loc": {
          "start": {
            "line": 7,
            "column": 34
          },
          "end": {
            "line": 16,
            "column": 3
          }
        },
        "line": 7
      },
      "2": {
        "name": "(anonymous_2)",
        "decl": {
          "start": {
            "line": 32,
            "column": 22
          },
          "end": {
            "line": 32,
            "column": 23
          }
        },
        "loc": {
          "start": {
            "line": 32,
            "column": 33
          },
          "end": {
            "line": 32,
            "column": 61
          }
        },
        "line": 32
      },
      "3": {
        "name": "(anonymous_3)",
        "decl": {
          "start": {
            "line": 34,
            "column": 49
          },
          "end": {
            "line": 34,
            "column": 50
          }
        },
        "loc": {
          "start": {
            "line": 34,
            "column": 60
          },
          "end": {
            "line": 34,
            "column": 79
          }
        },
        "line": 34
      }
    },
    "branchMap": {
      "0": {
        "loc": {
          "start": {
            "line": 9,
            "column": 4
          },
          "end": {
            "line": 15,
            "column": 5
          }
        },
        "type": "if",
        "locations": [
          {
            "start": {
              "line": 9,
              "column": 4
            },
            "end": {
              "line": 15,
              "column": 5
            }
          },
          {
            "start": {
              "line": 9,
              "column": 4
            },
            "end": {
              "line": 15,
              "column": 5
            }
          }
        ],
        "line": 9
      },
      "1": {
        "loc": {
          "start": {
            "line": 9,
            "column": 8
          },
          "end": {
            "line": 9,
            "column": 50
          }
        },
        "type": "binary-expr",
        "locations": [
          {
            "start": {
              "line": 9,
              "column": 8
            },
            "end": {
              "line": 9,
              "column": 27
            }
          },
          {
            "start": {
              "line": 9,
              "column": 31
            },
            "end": {
              "line": 9,
              "column": 50
            }
          }
        ],
        "line": 9
      },
      "2": {
        "loc": {
          "start": {
            "line": 19,
            "column": 2
          },
          "end": {
            "line": 21,
            "column": 3
          }
        },
        "type": "if",
        "locations": [
          {
            "start": {
              "line": 19,
              "column": 2
            },
            "end": {
              "line": 21,
              "column": 3
            }
          },
          {
            "start": {
              "line": 19,
              "column": 2
            },
            "end": {
              "line": 21,
              "column": 3
            }
          }
        ],
        "line": 19
      },
      "3": {
        "loc": {
          "start": {
            "line": 19,
            "column": 6
          },
          "end": {
            "line": 19,
            "column": 31
          }
        },
        "type": "binary-expr",
        "locations": [
          {
            "start": {
              "line": 19,
              "column": 6
            },
            "end": {
              "line": 19,
              "column": 16
            }
          },
          {
            "start": {
              "line": 19,
              "column": 20
            },
            "end": {
              "line": 19,
              "column": 31
            }
          }
        ],
        "line": 19
      },
      "4": {
        "loc": {
          "start": {
            "line": 36,
            "column": 7
          },
          "end": {
            "line": 36,
            "column": 68
          }
        },
        "type": "binary-expr",
        "locations": [
          {
            "start": {
              "line": 36,
              "column": 7
            },
            "end": {
              "line": 36,
              "column": 17
            }
          },
          {
            "start": {
              "line": 36,
              "column": 21
            },
            "end": {
              "line": 36,
              "column": 68
            }
          }
        ],
        "line": 36
      },
      "5": {
        "loc": {
          "start": {
            "line": 37,
            "column": 7
          },
          "end": {
            "line": 37,
            "column": 73
          }
        },
        "type": "binary-expr",
        "locations": [
          {
            "start": {
              "line": 37,
              "column": 7
            },
            "end": {
              "line": 37,
              "column": 22
            }
          },
          {
            "start": {
              "line": 37,
              "column": 26
            },
            "end": {
              "line": 37,
              "column": 73
            }
          }
        ],
        "line": 37
      }
    },
    "s": {
      "0": 13,
      "1": 211,
      "2": 211,
      "3": 11,
      "4": 11,
      "5": 11,
      "6": 11,
      "7": 11,
      "8": 0,
      "9": 211,
      "10": 211,
      "11": 0,
      "12": 211,
      "13": 187,
      "14": 11
    },
    "f": {
      "0": 211,
      "1": 11,
      "2": 187,
      "3": 11
    },
    "b": {
      "0": [
        11,
        0
      ],
      "1": [
        11,
        11
      ],
      "2": [
        0,
        211
      ],
      "3": [
        211,
        0
      ],
      "4": [
        211,
        0
      ],
      "5": [
        211,
        0
      ]
    },
    "_coverageSchema": "1a1c01bbd47fc00a2c39e90264f33305004495a9",
    "hash": "1399c76df8f820222ebd16e25f49176efb45a62a"
  },
  "/Users/anthonys/turing/4module/projects/capstone/eat-local-fe/src/components/Nav/Nav.js": {
    "path": "/Users/anthonys/turing/4module/projects/capstone/eat-local-fe/src/components/Nav/Nav.js",
    "statementMap": {
      "0": {
        "start": {
          "line": 7,
          "column": 13
        },
        "end": {
          "line": 7,
          "column": 53
        }
      },
      "1": {
        "start": {
          "line": 9,
          "column": 12
        },
        "end": {
          "line": 67,
          "column": 1
        }
      },
      "2": {
        "start": {
          "line": 11,
          "column": 14
        },
        "end": {
          "line": 11,
          "column": 26
        }
      },
      "3": {
        "start": {
          "line": 12,
          "column": 19
        },
        "end": {
          "line": 12,
          "column": 27
        }
      },
      "4": {
        "start": {
          "line": 13,
          "column": 19
        },
        "end": {
          "line": 13,
          "column": 47
        }
      },
      "5": {
        "start": {
          "line": 15,
          "column": 22
        },
        "end": {
          "line": 17,
          "column": 3
        }
      },
      "6": {
        "start": {
          "line": 16,
          "column": 4
        },
        "end": {
          "line": 16,
          "column": 29
        }
      },
      "7": {
        "start": {
          "line": 19,
          "column": 2
        },
        "end": {
          "line": 33,
          "column": 25
        }
      },
      "8": {
        "start": {
          "line": 20,
          "column": 21
        },
        "end": {
          "line": 25,
          "column": 5
        }
      },
      "9": {
        "start": {
          "line": 21,
          "column": 6
        },
        "end": {
          "line": 23,
          "column": 7
        }
      },
      "10": {
        "start": {
          "line": 22,
          "column": 8
        },
        "end": {
          "line": 22,
          "column": 15
        }
      },
      "11": {
        "start": {
          "line": 24,
          "column": 6
        },
        "end": {
          "line": 24,
          "column": 26
        }
      },
      "12": {
        "start": {
          "line": 26,
          "column": 4
        },
        "end": {
          "line": 26,
          "column": 53
        }
      },
      "13": {
        "start": {
          "line": 27,
          "column": 4
        },
        "end": {
          "line": 27,
          "column": 54
        }
      },
      "14": {
        "start": {
          "line": 29,
          "column": 4
        },
        "end": {
          "line": 32,
          "column": 5
        }
      },
      "15": {
        "start": {
          "line": 30,
          "column": 6
        },
        "end": {
          "line": 30,
          "column": 58
        }
      },
      "16": {
        "start": {
          "line": 31,
          "column": 6
        },
        "end": {
          "line": 31,
          "column": 59
        }
      },
      "17": {
        "start": {
          "line": 35,
          "column": 2
        },
        "end": {
          "line": 66,
          "column": 3
        }
      },
      "18": {
        "start": {
          "line": 53,
          "column": 167
        },
        "end": {
          "line": 53,
          "column": 185
        }
      }
    },
    "fnMap": {
      "0": {
        "name": "(anonymous_0)",
        "decl": {
          "start": {
            "line": 9,
            "column": 12
          },
          "end": {
            "line": 9,
            "column": 13
          }
        },
        "loc": {
          "start": {
            "line": 10,
            "column": 89
          },
          "end": {
            "line": 67,
            "column": 1
          }
        },
        "line": 10
      },
      "1": {
        "name": "(anonymous_1)",
        "decl": {
          "start": {
            "line": 15,
            "column": 22
          },
          "end": {
            "line": 15,
            "column": 23
          }
        },
        "loc": {
          "start": {
            "line": 15,
            "column": 33
          },
          "end": {
            "line": 17,
            "column": 3
          }
        },
        "line": 15
      },
      "2": {
        "name": "(anonymous_2)",
        "decl": {
          "start": {
            "line": 19,
            "column": 12
          },
          "end": {
            "line": 19,
            "column": 13
          }
        },
        "loc": {
          "start": {
            "line": 19,
            "column": 18
          },
          "end": {
            "line": 33,
            "column": 3
          }
        },
        "line": 19
      },
      "3": {
        "name": "(anonymous_3)",
        "decl": {
          "start": {
            "line": 20,
            "column": 21
          },
          "end": {
            "line": 20,
            "column": 22
          }
        },
        "loc": {
          "start": {
            "line": 20,
            "column": 32
          },
          "end": {
            "line": 25,
            "column": 5
          }
        },
        "line": 20
      },
      "4": {
        "name": "(anonymous_4)",
        "decl": {
          "start": {
            "line": 29,
            "column": 11
          },
          "end": {
            "line": 29,
            "column": 12
          }
        },
        "loc": {
          "start": {
            "line": 29,
            "column": 17
          },
          "end": {
            "line": 32,
            "column": 5
          }
        },
        "line": 29
      },
      "5": {
        "name": "(anonymous_5)",
        "decl": {
          "start": {
            "line": 53,
            "column": 156
          },
          "end": {
            "line": 53,
            "column": 157
          }
        },
        "loc": {
          "start": {
            "line": 53,
            "column": 167
          },
          "end": {
            "line": 53,
            "column": 185
          }
        },
        "line": 53
      }
    },
    "branchMap": {
      "0": {
        "loc": {
          "start": {
            "line": 13,
            "column": 19
          },
          "end": {
            "line": 13,
            "column": 47
          }
        },
        "type": "cond-expr",
        "locations": [
          {
            "start": {
              "line": 13,
              "column": 26
            },
            "end": {
              "line": 13,
              "column": 36
            }
          },
          {
            "start": {
              "line": 13,
              "column": 39
            },
            "end": {
              "line": 13,
              "column": 47
            }
          }
        ],
        "line": 13
      },
      "1": {
        "loc": {
          "start": {
            "line": 21,
            "column": 6
          },
          "end": {
            "line": 23,
            "column": 7
          }
        },
        "type": "if",
        "locations": [
          {
            "start": {
              "line": 21,
              "column": 6
            },
            "end": {
              "line": 23,
              "column": 7
            }
          },
          {
            "start": {
              "line": 21,
              "column": 6
            },
            "end": {
              "line": 23,
              "column": 7
            }
          }
        ],
        "line": 21
      },
      "2": {
        "loc": {
          "start": {
            "line": 21,
            "column": 10
          },
          "end": {
            "line": 21,
            "column": 103
          }
        },
        "type": "binary-expr",
        "locations": [
          {
            "start": {
              "line": 21,
              "column": 10
            },
            "end": {
              "line": 21,
              "column": 22
            }
          },
          {
            "start": {
              "line": 21,
              "column": 26
            },
            "end": {
              "line": 21,
              "column": 60
            }
          },
          {
            "start": {
              "line": 21,
              "column": 64
            },
            "end": {
              "line": 21,
              "column": 103
            }
          }
        ],
        "line": 21
      },
      "3": {
        "loc": {
          "start": {
            "line": 56,
            "column": 7
          },
          "end": {
            "line": 63,
            "column": 14
          }
        },
        "type": "binary-expr",
        "locations": [
          {
            "start": {
              "line": 56,
              "column": 7
            },
            "end": {
              "line": 56,
              "column": 16
            }
          },
          {
            "start": {
              "line": 56,
              "column": 20
            },
            "end": {
              "line": 63,
              "column": 14
            }
          }
        ],
        "line": 56
      }
    },
    "s": {
      "0": 13,
      "1": 13,
      "2": 256,
      "3": 256,
      "4": 256,
      "5": 256,
      "6": 11,
      "7": 256,
      "8": 13,
      "9": 48,
      "10": 48,
      "11": 0,
      "12": 13,
      "13": 13,
      "14": 13,
      "15": 0,
      "16": 0,
      "17": 256,
      "18": 11
    },
    "f": {
      "0": 256,
      "1": 11,
      "2": 13,
      "3": 48,
      "4": 0,
      "5": 11
    },
    "b": {
      "0": [
        32,
        224
      ],
      "1": [
        48,
        0
      ],
      "2": [
        48,
        22,
        0
      ],
      "3": [
        256,
        211
      ]
    },
    "_coverageSchema": "1a1c01bbd47fc00a2c39e90264f33305004495a9",
    "hash": "d3cab27962269e5ee24d66eeb3ef0676870dc03e"
  },
  "/Users/anthonys/turing/4module/projects/capstone/eat-local-fe/src/components/ResultCard/ResultCard.js": {
    "path": "/Users/anthonys/turing/4module/projects/capstone/eat-local-fe/src/components/ResultCard/ResultCard.js",
    "statementMap": {
      "0": {
        "start": {
          "line": 6,
          "column": 19
        },
        "end": {
          "line": 53,
          "column": 1
        }
      },
      "1": {
        "start": {
          "line": 7,
          "column": 19
        },
        "end": {
          "line": 7,
          "column": 24
        }
      },
      "2": {
        "start": {
          "line": 8,
          "column": 22
        },
        "end": {
          "line": 8,
          "column": 95
        }
      },
      "3": {
        "start": {
          "line": 8,
          "column": 71
        },
        "end": {
          "line": 8,
          "column": 84
        }
      },
      "4": {
        "start": {
          "line": 10,
          "column": 2
        },
        "end": {
          "line": 17,
          "column": 3
        }
      },
      "5": {
        "start": {
          "line": 11,
          "column": 4
        },
        "end": {
          "line": 16,
          "column": 13
        }
      },
      "6": {
        "start": {
          "line": 12,
          "column": 6
        },
        "end": {
          "line": 14,
          "column": 7
        }
      },
      "7": {
        "start": {
          "line": 13,
          "column": 8
        },
        "end": {
          "line": 13,
          "column": 19
        }
      },
      "8": {
        "start": {
          "line": 15,
          "column": 6
        },
        "end": {
          "line": 15,
          "column": 17
        }
      },
      "9": {
        "start": {
          "line": 19,
          "column": 21
        },
        "end": {
          "line": 19,
          "column": 49
        }
      },
      "10": {
        "start": {
          "line": 21,
          "column": 23
        },
        "end": {
          "line": 24,
          "column": 3
        }
      },
      "11": {
        "start": {
          "line": 22,
          "column": 28
        },
        "end": {
          "line": 22,
          "column": 85
        }
      },
      "12": {
        "start": {
          "line": 22,
          "column": 60
        },
        "end": {
          "line": 22,
          "column": 84
        }
      },
      "13": {
        "start": {
          "line": 23,
          "column": 4
        },
        "end": {
          "line": 23,
          "column": 55
        }
      },
      "14": {
        "start": {
          "line": 28,
          "column": 2
        },
        "end": {
          "line": 34,
          "column": 3
        }
      },
      "15": {
        "start": {
          "line": 29,
          "column": 4
        },
        "end": {
          "line": 29,
          "column": 35
        }
      },
      "16": {
        "start": {
          "line": 30,
          "column": 9
        },
        "end": {
          "line": 34,
          "column": 3
        }
      },
      "17": {
        "start": {
          "line": 31,
          "column": 4
        },
        "end": {
          "line": 31,
          "column": 34
        }
      },
      "18": {
        "start": {
          "line": 32,
          "column": 9
        },
        "end": {
          "line": 34,
          "column": 3
        }
      },
      "19": {
        "start": {
          "line": 33,
          "column": 4
        },
        "end": {
          "line": 33,
          "column": 33
        }
      },
      "20": {
        "start": {
          "line": 36,
          "column": 20
        },
        "end": {
          "line": 36,
          "column": 212
        }
      },
      "21": {
        "start": {
          "line": 38,
          "column": 2
        },
        "end": {
          "line": 52,
          "column": 3
        }
      },
      "22": {
        "start": {
          "line": 50,
          "column": 92
        },
        "end": {
          "line": 50,
          "column": 119
        }
      }
    },
    "fnMap": {
      "0": {
        "name": "(anonymous_0)",
        "decl": {
          "start": {
            "line": 6,
            "column": 19
          },
          "end": {
            "line": 6,
            "column": 20
          }
        },
        "loc": {
          "start": {
            "line": 6,
            "column": 143
          },
          "end": {
            "line": 53,
            "column": 1
          }
        },
        "line": 6
      },
      "1": {
        "name": "(anonymous_1)",
        "decl": {
          "start": {
            "line": 8,
            "column": 58
          },
          "end": {
            "line": 8,
            "column": 59
          }
        },
        "loc": {
          "start": {
            "line": 8,
            "column": 71
          },
          "end": {
            "line": 8,
            "column": 84
          }
        },
        "line": 8
      },
      "2": {
        "name": "(anonymous_2)",
        "decl": {
          "start": {
            "line": 11,
            "column": 39
          },
          "end": {
            "line": 11,
            "column": 40
          }
        },
        "loc": {
          "start": {
            "line": 11,
            "column": 58
          },
          "end": {
            "line": 16,
            "column": 5
          }
        },
        "line": 11
      },
      "3": {
        "name": "(anonymous_3)",
        "decl": {
          "start": {
            "line": 21,
            "column": 23
          },
          "end": {
            "line": 21,
            "column": 24
          }
        },
        "loc": {
          "start": {
            "line": 21,
            "column": 29
          },
          "end": {
            "line": 24,
            "column": 3
          }
        },
        "line": 21
      },
      "4": {
        "name": "(anonymous_4)",
        "decl": {
          "start": {
            "line": 22,
            "column": 48
          },
          "end": {
            "line": 22,
            "column": 49
          }
        },
        "loc": {
          "start": {
            "line": 22,
            "column": 60
          },
          "end": {
            "line": 22,
            "column": 84
          }
        },
        "line": 22
      },
      "5": {
        "name": "(anonymous_5)",
        "decl": {
          "start": {
            "line": 50,
            "column": 86
          },
          "end": {
            "line": 50,
            "column": 87
          }
        },
        "loc": {
          "start": {
            "line": 50,
            "column": 92
          },
          "end": {
            "line": 50,
            "column": 119
          }
        },
        "line": 50
      }
    },
    "branchMap": {
      "0": {
        "loc": {
          "start": {
            "line": 8,
            "column": 22
          },
          "end": {
            "line": 8,
            "column": 95
          }
        },
        "type": "cond-expr",
        "locations": [
          {
            "start": {
              "line": 8,
              "column": 39
            },
            "end": {
              "line": 8,
              "column": 85
            }
          },
          {
            "start": {
              "line": 8,
              "column": 88
            },
            "end": {
              "line": 8,
              "column": 95
            }
          }
        ],
        "line": 8
      },
      "1": {
        "loc": {
          "start": {
            "line": 10,
            "column": 2
          },
          "end": {
            "line": 17,
            "column": 3
          }
        },
        "type": "if",
        "locations": [
          {
            "start": {
              "line": 10,
              "column": 2
            },
            "end": {
              "line": 17,
              "column": 3
            }
          },
          {
            "start": {
              "line": 10,
              "column": 2
            },
            "end": {
              "line": 17,
              "column": 3
            }
          }
        ],
        "line": 10
      },
      "2": {
        "loc": {
          "start": {
            "line": 12,
            "column": 6
          },
          "end": {
            "line": 14,
            "column": 7
          }
        },
        "type": "if",
        "locations": [
          {
            "start": {
              "line": 12,
              "column": 6
            },
            "end": {
              "line": 14,
              "column": 7
            }
          },
          {
            "start": {
              "line": 12,
              "column": 6
            },
            "end": {
              "line": 14,
              "column": 7
            }
          }
        ],
        "line": 12
      },
      "3": {
        "loc": {
          "start": {
            "line": 19,
            "column": 21
          },
          "end": {
            "line": 19,
            "column": 49
          }
        },
        "type": "cond-expr",
        "locations": [
          {
            "start": {
              "line": 19,
              "column": 29
            },
            "end": {
              "line": 19,
              "column": 34
            }
          },
          {
            "start": {
              "line": 19,
              "column": 37
            },
            "end": {
              "line": 19,
              "column": 49
            }
          }
        ],
        "line": 19
      },
      "4": {
        "loc": {
          "start": {
            "line": 28,
            "column": 2
          },
          "end": {
            "line": 34,
            "column": 3
          }
        },
        "type": "if",
        "locations": [
          {
            "start": {
              "line": 28,
              "column": 2
            },
            "end": {
              "line": 34,
              "column": 3
            }
          },
          {
            "start": {
              "line": 28,
              "column": 2
            },
            "end": {
              "line": 34,
              "column": 3
            }
          }
        ],
        "line": 28
      },
      "5": {
        "loc": {
          "start": {
            "line": 30,
            "column": 9
          },
          "end": {
            "line": 34,
            "column": 3
          }
        },
        "type": "if",
        "locations": [
          {
            "start": {
              "line": 30,
              "column": 9
            },
            "end": {
              "line": 34,
              "column": 3
            }
          },
          {
            "start": {
              "line": 30,
              "column": 9
            },
            "end": {
              "line": 34,
              "column": 3
            }
          }
        ],
        "line": 30
      },
      "6": {
        "loc": {
          "start": {
            "line": 32,
            "column": 9
          },
          "end": {
            "line": 34,
            "column": 3
          }
        },
        "type": "if",
        "locations": [
          {
            "start": {
              "line": 32,
              "column": 9
            },
            "end": {
              "line": 34,
              "column": 3
            }
          },
          {
            "start": {
              "line": 32,
              "column": 9
            },
            "end": {
              "line": 34,
              "column": 3
            }
          }
        ],
        "line": 32
      },
      "7": {
        "loc": {
          "start": {
            "line": 36,
            "column": 20
          },
          "end": {
            "line": 36,
            "column": 212
          }
        },
        "type": "cond-expr",
        "locations": [
          {
            "start": {
              "line": 36,
              "column": 33
            },
            "end": {
              "line": 36,
              "column": 117
            }
          },
          {
            "start": {
              "line": 36,
              "column": 120
            },
            "end": {
              "line": 36,
              "column": 212
            }
          }
        ],
        "line": 36
      },
      "8": {
        "loc": {
          "start": {
            "line": 50,
            "column": 7
          },
          "end": {
            "line": 50,
            "column": 141
          }
        },
        "type": "binary-expr",
        "locations": [
          {
            "start": {
              "line": 50,
              "column": 7
            },
            "end": {
              "line": 50,
              "column": 11
            }
          },
          {
            "start": {
              "line": 50,
              "column": 15
            },
            "end": {
              "line": 50,
              "column": 141
            }
          }
        ],
        "line": 50
      },
      "9": {
        "loc": {
          "start": {
            "line": 50,
            "column": 58
          },
          "end": {
            "line": 50,
            "column": 119
          }
        },
        "type": "cond-expr",
        "locations": [
          {
            "start": {
              "line": 50,
              "column": 71
            },
            "end": {
              "line": 50,
              "column": 83
            }
          },
          {
            "start": {
              "line": 50,
              "column": 86
            },
            "end": {
              "line": 50,
              "column": 119
            }
          }
        ],
        "line": 50
      }
    },
    "s": {
      "0": 13,
      "1": 187,
      "2": 187,
      "3": 256,
      "4": 187,
      "5": 73,
      "6": 117,
      "7": 61,
      "8": 117,
      "9": 187,
      "10": 187,
      "11": 3,
      "12": 3,
      "13": 3,
      "14": 187,
      "15": 126,
      "16": 61,
      "17": 2,
      "18": 59,
      "19": 59,
      "20": 187,
      "21": 187,
      "22": 4
    },
    "f": {
      "0": 187,
      "1": 256,
      "2": 117,
      "3": 3,
      "4": 3,
      "5": 4
    },
    "b": {
      "0": [
        128,
        59
      ],
      "1": [
        73,
        114
      ],
      "2": [
        61,
        56
      ],
      "3": [
        187,
        0
      ],
      "4": [
        126,
        61
      ],
      "5": [
        2,
        59
      ],
      "6": [
        59,
        0
      ],
      "7": [
        61,
        126
      ],
      "8": [
        187,
        73
      ],
      "9": [
        61,
        12
      ]
    },
    "_coverageSchema": "1a1c01bbd47fc00a2c39e90264f33305004495a9",
    "hash": "91ad90aacabf88fdb277f4319e4caabff3371e48"
  },
  "/Users/anthonys/turing/4module/projects/capstone/eat-local-fe/src/components/LandingPage/LandingPage.js": {
    "path": "/Users/anthonys/turing/4module/projects/capstone/eat-local-fe/src/components/LandingPage/LandingPage.js",
    "statementMap": {
      "0": {
        "start": {
          "line": 4,
          "column": 20
        },
        "end": {
          "line": 51,
          "column": 1
        }
      },
      "1": {
        "start": {
          "line": 5,
          "column": 25
        },
        "end": {
          "line": 27,
          "column": 3
        }
      },
      "2": {
        "start": {
          "line": 6,
          "column": 19
        },
        "end": {
          "line": 6,
          "column": 27
        }
      },
      "3": {
        "start": {
          "line": 7,
          "column": 71
        },
        "end": {
          "line": 7,
          "column": 90
        }
      },
      "4": {
        "start": {
          "line": 8,
          "column": 4
        },
        "end": {
          "line": 25,
          "column": 5
        }
      },
      "5": {
        "start": {
          "line": 29,
          "column": 2
        },
        "end": {
          "line": 49,
          "column": 3
        }
      }
    },
    "fnMap": {
      "0": {
        "name": "(anonymous_0)",
        "decl": {
          "start": {
            "line": 4,
            "column": 20
          },
          "end": {
            "line": 4,
            "column": 21
          }
        },
        "loc": {
          "start": {
            "line": 4,
            "column": 94
          },
          "end": {
            "line": 51,
            "column": 1
          }
        },
        "line": 4
      },
      "1": {
        "name": "(anonymous_1)",
        "decl": {
          "start": {
            "line": 5,
            "column": 38
          },
          "end": {
            "line": 5,
            "column": 39
          }
        },
        "loc": {
          "start": {
            "line": 5,
            "column": 50
          },
          "end": {
            "line": 26,
            "column": 4
          }
        },
        "line": 5
      }
    },
    "branchMap": {
      "0": {
        "loc": {
          "start": {
            "line": 43,
            "column": 11
          },
          "end": {
            "line": 43,
            "column": 44
          }
        },
        "type": "binary-expr",
        "locations": [
          {
            "start": {
              "line": 43,
              "column": 11
            },
            "end": {
              "line": 43,
              "column": 20
            }
          },
          {
            "start": {
              "line": 43,
              "column": 24
            },
            "end": {
              "line": 43,
              "column": 44
            }
          }
        ],
        "line": 43
      }
    },
    "s": {
      "0": 13,
      "1": 46,
      "2": 126,
      "3": 126,
      "4": 126,
      "5": 46
    },
    "f": {
      "0": 46,
      "1": 126
    },
    "b": {
      "0": [
        46,
        0
      ]
    },
    "_coverageSchema": "1a1c01bbd47fc00a2c39e90264f33305004495a9",
    "hash": "6b7c15b3ea86a3cf4c362cfa32961e3a9d2e7faf"
  },
  "/Users/anthonys/turing/4module/projects/capstone/eat-local-fe/src/components/Footer/Footer.js": {
    "path": "/Users/anthonys/turing/4module/projects/capstone/eat-local-fe/src/components/Footer/Footer.js",
    "statementMap": {
      "0": {
        "start": {
          "line": 4,
          "column": 13
        },
        "end": {
          "line": 4,
          "column": 53
        }
      },
      "1": {
        "start": {
          "line": 6,
          "column": 15
        },
        "end": {
          "line": 27,
          "column": 1
        }
      },
      "2": {
        "start": {
          "line": 7,
          "column": 2
        },
        "end": {
          "line": 26,
          "column": 3
        }
      }
    },
    "fnMap": {
      "0": {
        "name": "(anonymous_0)",
        "decl": {
          "start": {
            "line": 6,
            "column": 15
          },
          "end": {
            "line": 6,
            "column": 16
          }
        },
        "loc": {
          "start": {
            "line": 6,
            "column": 21
          },
          "end": {
            "line": 27,
            "column": 1
          }
        },
        "line": 6
      }
    },
    "branchMap": {},
    "s": {
      "0": 13,
      "1": 13,
      "2": 256
    },
    "f": {
      "0": 256
    },
    "b": {},
    "_coverageSchema": "1a1c01bbd47fc00a2c39e90264f33305004495a9",
    "hash": "fd88c0db2cd956767454c5f97998229128790167"
  },
  "/Users/anthonys/turing/4module/projects/capstone/eat-local-fe/src/components/ResultsPage/ResultsPage.js": {
    "path": "/Users/anthonys/turing/4module/projects/capstone/eat-local-fe/src/components/ResultsPage/ResultsPage.js",
    "statementMap": {
      "0": {
        "start": {
          "line": 5,
          "column": 20
        },
        "end": {
          "line": 35,
          "column": 1
        }
      },
      "1": {
        "start": {
          "line": 6,
          "column": 24
        },
        "end": {
          "line": 26,
          "column": 4
        }
      },
      "2": {
        "start": {
          "line": 7,
          "column": 19
        },
        "end": {
          "line": 7,
          "column": 27
        }
      },
      "3": {
        "start": {
          "line": 8,
          "column": 60
        },
        "end": {
          "line": 8,
          "column": 79
        }
      },
      "4": {
        "start": {
          "line": 10,
          "column": 4
        },
        "end": {
          "line": 25,
          "column": 5
        }
      },
      "5": {
        "start": {
          "line": 27,
          "column": 2
        },
        "end": {
          "line": 34,
          "column": 3
        }
      }
    },
    "fnMap": {
      "0": {
        "name": "(anonymous_0)",
        "decl": {
          "start": {
            "line": 5,
            "column": 20
          },
          "end": {
            "line": 5,
            "column": 21
          }
        },
        "loc": {
          "start": {
            "line": 5,
            "column": 85
          },
          "end": {
            "line": 35,
            "column": 1
          }
        },
        "line": 5
      },
      "1": {
        "name": "(anonymous_1)",
        "decl": {
          "start": {
            "line": 6,
            "column": 36
          },
          "end": {
            "line": 6,
            "column": 37
          }
        },
        "loc": {
          "start": {
            "line": 6,
            "column": 50
          },
          "end": {
            "line": 26,
            "column": 3
          }
        },
        "line": 6
      }
    },
    "branchMap": {
      "0": {
        "loc": {
          "start": {
            "line": 29,
            "column": 7
          },
          "end": {
            "line": 29,
            "column": 44
          }
        },
        "type": "binary-expr",
        "locations": [
          {
            "start": {
              "line": 29,
              "column": 7
            },
            "end": {
              "line": 29,
              "column": 18
            }
          },
          {
            "start": {
              "line": 29,
              "column": 22
            },
            "end": {
              "line": 29,
              "column": 44
            }
          }
        ],
        "line": 29
      }
    },
    "s": {
      "0": 13,
      "1": 4,
      "2": 2,
      "3": 2,
      "4": 2,
      "5": 4
    },
    "f": {
      "0": 4,
      "1": 2
    },
    "b": {
      "0": [
        4,
        0
      ]
    },
    "_coverageSchema": "1a1c01bbd47fc00a2c39e90264f33305004495a9",
    "hash": "3a1606775a0c2f86e629cefaa603a97e668d4468"
  },
  "/Users/anthonys/turing/4module/projects/capstone/eat-local-fe/src/components/SingleResultPage/SingleResultPage.js": {
    "path": "/Users/anthonys/turing/4module/projects/capstone/eat-local-fe/src/components/SingleResultPage/SingleResultPage.js",
    "statementMap": {
      "0": {
        "start": {
          "line": 6,
          "column": 15
        },
        "end": {
          "line": 6,
          "column": 51
        }
      },
      "1": {
        "start": {
          "line": 8,
          "column": 15
        },
        "end": {
          "line": 8,
          "column": 46
        }
      },
      "2": {
        "start": {
          "line": 8,
          "column": 29
        },
        "end": {
          "line": 8,
          "column": 46
        }
      },
      "3": {
        "start": {
          "line": 10,
          "column": 25
        },
        "end": {
          "line": 86,
          "column": 1
        }
      },
      "4": {
        "start": {
          "line": 11,
          "column": 91
        },
        "end": {
          "line": 11,
          "column": 110
        }
      },
      "5": {
        "start": {
          "line": 12,
          "column": 16
        },
        "end": {
          "line": 12,
          "column": 51
        }
      },
      "6": {
        "start": {
          "line": 13,
          "column": 18
        },
        "end": {
          "line": 13,
          "column": 81
        }
      },
      "7": {
        "start": {
          "line": 13,
          "column": 67
        },
        "end": {
          "line": 13,
          "column": 80
        }
      },
      "8": {
        "start": {
          "line": 14,
          "column": 18
        },
        "end": {
          "line": 14,
          "column": 80
        }
      },
      "9": {
        "start": {
          "line": 15,
          "column": 19
        },
        "end": {
          "line": 15,
          "column": 24
        }
      },
      "10": {
        "start": {
          "line": 17,
          "column": 2
        },
        "end": {
          "line": 23,
          "column": 3
        }
      },
      "11": {
        "start": {
          "line": 18,
          "column": 2
        },
        "end": {
          "line": 22,
          "column": 4
        }
      },
      "12": {
        "start": {
          "line": 19,
          "column": 4
        },
        "end": {
          "line": 21,
          "column": 5
        }
      },
      "13": {
        "start": {
          "line": 20,
          "column": 6
        },
        "end": {
          "line": 20,
          "column": 23
        }
      },
      "14": {
        "start": {
          "line": 25,
          "column": 21
        },
        "end": {
          "line": 25,
          "column": 45
        }
      },
      "15": {
        "start": {
          "line": 27,
          "column": 23
        },
        "end": {
          "line": 29,
          "column": 3
        }
      },
      "16": {
        "start": {
          "line": 28,
          "column": 4
        },
        "end": {
          "line": 28,
          "column": 74
        }
      },
      "17": {
        "start": {
          "line": 28,
          "column": 46
        },
        "end": {
          "line": 28,
          "column": 73
        }
      },
      "18": {
        "start": {
          "line": 31,
          "column": 23
        },
        "end": {
          "line": 34,
          "column": 3
        }
      },
      "19": {
        "start": {
          "line": 32,
          "column": 4
        },
        "end": {
          "line": 32,
          "column": 54
        }
      },
      "20": {
        "start": {
          "line": 33,
          "column": 4
        },
        "end": {
          "line": 33,
          "column": 22
        }
      },
      "21": {
        "start": {
          "line": 36,
          "column": 20
        },
        "end": {
          "line": 39,
          "column": 3
        }
      },
      "22": {
        "start": {
          "line": 37,
          "column": 4
        },
        "end": {
          "line": 37,
          "column": 31
        }
      },
      "23": {
        "start": {
          "line": 38,
          "column": 4
        },
        "end": {
          "line": 38,
          "column": 21
        }
      },
      "24": {
        "start": {
          "line": 41,
          "column": 23
        },
        "end": {
          "line": 47,
          "column": 3
        }
      },
      "25": {
        "start": {
          "line": 49,
          "column": 2
        },
        "end": {
          "line": 85,
          "column": 3
        }
      }
    },
    "fnMap": {
      "0": {
        "name": "(anonymous_0)",
        "decl": {
          "start": {
            "line": 8,
            "column": 15
          },
          "end": {
            "line": 8,
            "column": 16
          }
        },
        "loc": {
          "start": {
            "line": 8,
            "column": 29
          },
          "end": {
            "line": 8,
            "column": 46
          }
        },
        "line": 8
      },
      "1": {
        "name": "(anonymous_1)",
        "decl": {
          "start": {
            "line": 10,
            "column": 25
          },
          "end": {
            "line": 10,
            "column": 26
          }
        },
        "loc": {
          "start": {
            "line": 10,
            "column": 78
          },
          "end": {
            "line": 86,
            "column": 1
          }
        },
        "line": 10
      },
      "2": {
        "name": "(anonymous_2)",
        "decl": {
          "start": {
            "line": 13,
            "column": 54
          },
          "end": {
            "line": 13,
            "column": 55
          }
        },
        "loc": {
          "start": {
            "line": 13,
            "column": 67
          },
          "end": {
            "line": 13,
            "column": 80
          }
        },
        "line": 13
      },
      "3": {
        "name": "(anonymous_3)",
        "decl": {
          "start": {
            "line": 18,
            "column": 25
          },
          "end": {
            "line": 18,
            "column": 26
          }
        },
        "loc": {
          "start": {
            "line": 18,
            "column": 32
          },
          "end": {
            "line": 22,
            "column": 3
          }
        },
        "line": 18
      },
      "4": {
        "name": "(anonymous_4)",
        "decl": {
          "start": {
            "line": 27,
            "column": 23
          },
          "end": {
            "line": 27,
            "column": 24
          }
        },
        "loc": {
          "start": {
            "line": 27,
            "column": 29
          },
          "end": {
            "line": 29,
            "column": 3
          }
        },
        "line": 27
      },
      "5": {
        "name": "(anonymous_5)",
        "decl": {
          "start": {
            "line": 28,
            "column": 31
          },
          "end": {
            "line": 28,
            "column": 32
          }
        },
        "loc": {
          "start": {
            "line": 28,
            "column": 46
          },
          "end": {
            "line": 28,
            "column": 73
          }
        },
        "line": 28
      },
      "6": {
        "name": "(anonymous_6)",
        "decl": {
          "start": {
            "line": 31,
            "column": 23
          },
          "end": {
            "line": 31,
            "column": 24
          }
        },
        "loc": {
          "start": {
            "line": 31,
            "column": 29
          },
          "end": {
            "line": 34,
            "column": 3
          }
        },
        "line": 31
      },
      "7": {
        "name": "(anonymous_7)",
        "decl": {
          "start": {
            "line": 36,
            "column": 20
          },
          "end": {
            "line": 36,
            "column": 21
          }
        },
        "loc": {
          "start": {
            "line": 36,
            "column": 26
          },
          "end": {
            "line": 39,
            "column": 3
          }
        },
        "line": 36
      }
    },
    "branchMap": {
      "0": {
        "loc": {
          "start": {
            "line": 17,
            "column": 2
          },
          "end": {
            "line": 23,
            "column": 3
          }
        },
        "type": "if",
        "locations": [
          {
            "start": {
              "line": 17,
              "column": 2
            },
            "end": {
              "line": 23,
              "column": 3
            }
          },
          {
            "start": {
              "line": 17,
              "column": 2
            },
            "end": {
              "line": 23,
              "column": 3
            }
          }
        ],
        "line": 17
      },
      "1": {
        "loc": {
          "start": {
            "line": 19,
            "column": 4
          },
          "end": {
            "line": 21,
            "column": 5
          }
        },
        "type": "if",
        "locations": [
          {
            "start": {
              "line": 19,
              "column": 4
            },
            "end": {
              "line": 21,
              "column": 5
            }
          },
          {
            "start": {
              "line": 19,
              "column": 4
            },
            "end": {
              "line": 21,
              "column": 5
            }
          }
        ],
        "line": 19
      },
      "2": {
        "loc": {
          "start": {
            "line": 25,
            "column": 21
          },
          "end": {
            "line": 25,
            "column": 45
          }
        },
        "type": "cond-expr",
        "locations": [
          {
            "start": {
              "line": 25,
              "column": 27
            },
            "end": {
              "line": 25,
              "column": 30
            }
          },
          {
            "start": {
              "line": 25,
              "column": 33
            },
            "end": {
              "line": 25,
              "column": 45
            }
          }
        ],
        "line": 25
      },
      "3": {
        "loc": {
          "start": {
            "line": 64,
            "column": 9
          },
          "end": {
            "line": 64,
            "column": 188
          }
        },
        "type": "binary-expr",
        "locations": [
          {
            "start": {
              "line": 64,
              "column": 10
            },
            "end": {
              "line": 64,
              "column": 21
            }
          },
          {
            "start": {
              "line": 64,
              "column": 25
            },
            "end": {
              "line": 64,
              "column": 29
            }
          },
          {
            "start": {
              "line": 64,
              "column": 34
            },
            "end": {
              "line": 64,
              "column": 188
            }
          }
        ],
        "line": 64
      },
      "4": {
        "loc": {
          "start": {
            "line": 65,
            "column": 9
          },
          "end": {
            "line": 65,
            "column": 179
          }
        },
        "type": "binary-expr",
        "locations": [
          {
            "start": {
              "line": 65,
              "column": 10
            },
            "end": {
              "line": 65,
              "column": 20
            }
          },
          {
            "start": {
              "line": 65,
              "column": 24
            },
            "end": {
              "line": 65,
              "column": 28
            }
          },
          {
            "start": {
              "line": 65,
              "column": 33
            },
            "end": {
              "line": 65,
              "column": 179
            }
          }
        ],
        "line": 65
      }
    },
    "s": {
      "0": 13,
      "1": 13,
      "2": 0,
      "3": 13,
      "4": 0,
      "5": 0,
      "6": 0,
      "7": 0,
      "8": 0,
      "9": 0,
      "10": 0,
      "11": 0,
      "12": 0,
      "13": 0,
      "14": 0,
      "15": 0,
      "16": 0,
      "17": 0,
      "18": 0,
      "19": 0,
      "20": 0,
      "21": 0,
      "22": 0,
      "23": 0,
      "24": 0,
      "25": 0
    },
    "f": {
      "0": 0,
      "1": 0,
      "2": 0,
      "3": 0,
      "4": 0,
      "5": 0,
      "6": 0,
      "7": 0
    },
    "b": {
      "0": [
        0,
        0
      ],
      "1": [
        0,
        0
      ],
      "2": [
        0,
        0
      ],
      "3": [
        0,
        0,
        0
      ],
      "4": [
        0,
        0,
        0
      ]
    },
    "_coverageSchema": "1a1c01bbd47fc00a2c39e90264f33305004495a9",
    "hash": "53a3714ed6fbdf4bd8bacea9930032da020a0efe"
  },
  "/Users/anthonys/turing/4module/projects/capstone/eat-local-fe/src/components/FavoritesPage/FavoritesPage.js": {
    "path": "/Users/anthonys/turing/4module/projects/capstone/eat-local-fe/src/components/FavoritesPage/FavoritesPage.js",
    "statementMap": {
      "0": {
        "start": {
          "line": 5,
          "column": 22
        },
        "end": {
          "line": 79,
          "column": 1
        }
      },
      "1": {
        "start": {
          "line": 6,
          "column": 48
        },
        "end": {
          "line": 6,
          "column": 60
        }
      },
      "2": {
        "start": {
          "line": 8,
          "column": 22
        },
        "end": {
          "line": 8,
          "column": 27
        }
      },
      "3": {
        "start": {
          "line": 10,
          "column": 2
        },
        "end": {
          "line": 12,
          "column": 3
        }
      },
      "4": {
        "start": {
          "line": 11,
          "column": 4
        },
        "end": {
          "line": 11,
          "column": 25
        }
      },
      "5": {
        "start": {
          "line": 14,
          "column": 27
        },
        "end": {
          "line": 59,
          "column": 3
        }
      },
      "6": {
        "start": {
          "line": 16,
          "column": 4
        },
        "end": {
          "line": 58,
          "column": 5
        }
      },
      "7": {
        "start": {
          "line": 17,
          "column": 6
        },
        "end": {
          "line": 17,
          "column": 80
        }
      },
      "8": {
        "start": {
          "line": 18,
          "column": 11
        },
        "end": {
          "line": 58,
          "column": 5
        }
      },
      "9": {
        "start": {
          "line": 19,
          "column": 6
        },
        "end": {
          "line": 19,
          "column": 82
        }
      },
      "10": {
        "start": {
          "line": 20,
          "column": 11
        },
        "end": {
          "line": 58,
          "column": 5
        }
      },
      "11": {
        "start": {
          "line": 21,
          "column": 6
        },
        "end": {
          "line": 37,
          "column": 8
        }
      },
      "12": {
        "start": {
          "line": 22,
          "column": 61
        },
        "end": {
          "line": 22,
          "column": 69
        }
      },
      "13": {
        "start": {
          "line": 23,
          "column": 8
        },
        "end": {
          "line": 36,
          "column": 9
        }
      },
      "14": {
        "start": {
          "line": 38,
          "column": 6
        },
        "end": {
          "line": 38,
          "column": 21
        }
      },
      "15": {
        "start": {
          "line": 40,
          "column": 32
        },
        "end": {
          "line": 40,
          "column": 141
        }
      },
      "16": {
        "start": {
          "line": 40,
          "column": 66
        },
        "end": {
          "line": 40,
          "column": 140
        }
      },
      "17": {
        "start": {
          "line": 41,
          "column": 6
        },
        "end": {
          "line": 56,
          "column": 8
        }
      },
      "18": {
        "start": {
          "line": 42,
          "column": 60
        },
        "end": {
          "line": 42,
          "column": 68
        }
      },
      "19": {
        "start": {
          "line": 43,
          "column": 8
        },
        "end": {
          "line": 55,
          "column": 9
        }
      },
      "20": {
        "start": {
          "line": 57,
          "column": 6
        },
        "end": {
          "line": 57,
          "column": 21
        }
      },
      "21": {
        "start": {
          "line": 61,
          "column": 20
        },
        "end": {
          "line": 61,
          "column": 59
        }
      },
      "22": {
        "start": {
          "line": 63,
          "column": 2
        },
        "end": {
          "line": 78,
          "column": 3
        }
      },
      "23": {
        "start": {
          "line": 71,
          "column": 31
        },
        "end": {
          "line": 71,
          "column": 69
        }
      }
    },
    "fnMap": {
      "0": {
        "name": "(anonymous_0)",
        "decl": {
          "start": {
            "line": 5,
            "column": 22
          },
          "end": {
            "line": 5,
            "column": 23
          }
        },
        "loc": {
          "start": {
            "line": 5,
            "column": 52
          },
          "end": {
            "line": 79,
            "column": 1
          }
        },
        "line": 5
      },
      "1": {
        "name": "(anonymous_1)",
        "decl": {
          "start": {
            "line": 14,
            "column": 27
          },
          "end": {
            "line": 14,
            "column": 28
          }
        },
        "loc": {
          "start": {
            "line": 14,
            "column": 52
          },
          "end": {
            "line": 59,
            "column": 3
          }
        },
        "line": 14
      },
      "2": {
        "name": "(anonymous_2)",
        "decl": {
          "start": {
            "line": 21,
            "column": 35
          },
          "end": {
            "line": 21,
            "column": 36
          }
        },
        "loc": {
          "start": {
            "line": 21,
            "column": 49
          },
          "end": {
            "line": 37,
            "column": 7
          }
        },
        "line": 21
      },
      "3": {
        "name": "(anonymous_3)",
        "decl": {
          "start": {
            "line": 40,
            "column": 54
          },
          "end": {
            "line": 40,
            "column": 55
          }
        },
        "loc": {
          "start": {
            "line": 40,
            "column": 66
          },
          "end": {
            "line": 40,
            "column": 140
          }
        },
        "line": 40
      },
      "4": {
        "name": "(anonymous_4)",
        "decl": {
          "start": {
            "line": 41,
            "column": 38
          },
          "end": {
            "line": 41,
            "column": 39
          }
        },
        "loc": {
          "start": {
            "line": 41,
            "column": 52
          },
          "end": {
            "line": 56,
            "column": 7
          }
        },
        "line": 41
      },
      "5": {
        "name": "(anonymous_5)",
        "decl": {
          "start": {
            "line": 71,
            "column": 20
          },
          "end": {
            "line": 71,
            "column": 21
          }
        },
        "loc": {
          "start": {
            "line": 71,
            "column": 31
          },
          "end": {
            "line": 71,
            "column": 69
          }
        },
        "line": 71
      }
    },
    "branchMap": {
      "0": {
        "loc": {
          "start": {
            "line": 10,
            "column": 2
          },
          "end": {
            "line": 12,
            "column": 3
          }
        },
        "type": "if",
        "locations": [
          {
            "start": {
              "line": 10,
              "column": 2
            },
            "end": {
              "line": 12,
              "column": 3
            }
          },
          {
            "start": {
              "line": 10,
              "column": 2
            },
            "end": {
              "line": 12,
              "column": 3
            }
          }
        ],
        "line": 10
      },
      "1": {
        "loc": {
          "start": {
            "line": 10,
            "column": 6
          },
          "end": {
            "line": 10,
            "column": 39
          }
        },
        "type": "binary-expr",
        "locations": [
          {
            "start": {
              "line": 10,
              "column": 6
            },
            "end": {
              "line": 10,
              "column": 10
            }
          },
          {
            "start": {
              "line": 10,
              "column": 14
            },
            "end": {
              "line": 10,
              "column": 39
            }
          }
        ],
        "line": 10
      },
      "2": {
        "loc": {
          "start": {
            "line": 16,
            "column": 4
          },
          "end": {
            "line": 58,
            "column": 5
          }
        },
        "type": "if",
        "locations": [
          {
            "start": {
              "line": 16,
              "column": 4
            },
            "end": {
              "line": 58,
              "column": 5
            }
          },
          {
            "start": {
              "line": 16,
              "column": 4
            },
            "end": {
              "line": 58,
              "column": 5
            }
          }
        ],
        "line": 16
      },
      "3": {
        "loc": {
          "start": {
            "line": 18,
            "column": 11
          },
          "end": {
            "line": 58,
            "column": 5
          }
        },
        "type": "if",
        "locations": [
          {
            "start": {
              "line": 18,
              "column": 11
            },
            "end": {
              "line": 58,
              "column": 5
            }
          },
          {
            "start": {
              "line": 18,
              "column": 11
            },
            "end": {
              "line": 58,
              "column": 5
            }
          }
        ],
        "line": 18
      },
      "4": {
        "loc": {
          "start": {
            "line": 20,
            "column": 11
          },
          "end": {
            "line": 58,
            "column": 5
          }
        },
        "type": "if",
        "locations": [
          {
            "start": {
              "line": 20,
              "column": 11
            },
            "end": {
              "line": 58,
              "column": 5
            }
          },
          {
            "start": {
              "line": 20,
              "column": 11
            },
            "end": {
              "line": 58,
              "column": 5
            }
          }
        ],
        "line": 20
      },
      "5": {
        "loc": {
          "start": {
            "line": 65,
            "column": 7
          },
          "end": {
            "line": 73,
            "column": 13
          }
        },
        "type": "binary-expr",
        "locations": [
          {
            "start": {
              "line": 65,
              "column": 7
            },
            "end": {
              "line": 65,
              "column": 20
            }
          },
          {
            "start": {
              "line": 65,
              "column": 24
            },
            "end": {
              "line": 73,
              "column": 13
            }
          }
        ],
        "line": 65
      }
    },
    "s": {
      "0": 13,
      "1": 242,
      "2": 242,
      "3": 242,
      "4": 55,
      "5": 242,
      "6": 242,
      "7": 182,
      "8": 60,
      "9": 5,
      "10": 55,
      "11": 23,
      "12": 25,
      "13": 25,
      "14": 23,
      "15": 32,
      "16": 64,
      "17": 32,
      "18": 34,
      "19": 34,
      "20": 32,
      "21": 242,
      "22": 242,
      "23": 32
    },
    "f": {
      "0": 242,
      "1": 242,
      "2": 25,
      "3": 64,
      "4": 34,
      "5": 32
    },
    "b": {
      "0": [
        55,
        187
      ],
      "1": [
        242,
        60
      ],
      "2": [
        182,
        60
      ],
      "3": [
        5,
        55
      ],
      "4": [
        23,
        32
      ],
      "5": [
        242,
        55
      ]
    },
    "_coverageSchema": "1a1c01bbd47fc00a2c39e90264f33305004495a9",
    "hash": "b994fac84e4777c886e99405c17d90d07f0ac855"
  },
  "/Users/anthonys/turing/4module/projects/capstone/eat-local-fe/src/components/FavoritesPage/FavoritesSingleResults.js": {
    "path": "/Users/anthonys/turing/4module/projects/capstone/eat-local-fe/src/components/FavoritesPage/FavoritesSingleResults.js",
    "statementMap": {
      "0": {
        "start": {
          "line": 8,
          "column": 15
        },
        "end": {
          "line": 8,
          "column": 51
        }
      },
      "1": {
        "start": {
          "line": 10,
          "column": 15
        },
        "end": {
          "line": 10,
          "column": 46
        }
      },
      "2": {
        "start": {
          "line": 10,
          "column": 29
        },
        "end": {
          "line": 10,
          "column": 46
        }
      },
      "3": {
        "start": {
          "line": 12,
          "column": 31
        },
        "end": {
          "line": 69,
          "column": 1
        }
      },
      "4": {
        "start": {
          "line": 13,
          "column": 88
        },
        "end": {
          "line": 13,
          "column": 96
        }
      },
      "5": {
        "start": {
          "line": 14,
          "column": 25
        },
        "end": {
          "line": 14,
          "column": 52
        }
      },
      "6": {
        "start": {
          "line": 15,
          "column": 18
        },
        "end": {
          "line": 15,
          "column": 80
        }
      },
      "7": {
        "start": {
          "line": 17,
          "column": 23
        },
        "end": {
          "line": 19,
          "column": 3
        }
      },
      "8": {
        "start": {
          "line": 18,
          "column": 4
        },
        "end": {
          "line": 18,
          "column": 39
        }
      },
      "9": {
        "start": {
          "line": 21,
          "column": 21
        },
        "end": {
          "line": 21,
          "column": 49
        }
      },
      "10": {
        "start": {
          "line": 23,
          "column": 23
        },
        "end": {
[...]
        }
      },
      "25": {
        "start": {
          "line": 48,
          "column": 8
        },
        "end": {
          "line": 48,
          "column": 27
        }
      },
      "26": {
        "start": {
          "line": 50,
          "column": 22
        },
        "end": {
          "line": 50,
          "column": 198
        }
      },
      "27": {
        "start": {
          "line": 53,
          "column": 18
        },
        "end": {
          "line": 86,
          "column": 3
        }
      },
      "28": {
        "start": {
          "line": 54,
          "column": 2
        },
        "end": {
          "line": 85,
          "column": 103
        }
      },
      "29": {
        "start": {
          "line": 81,
          "column": 4
        },
        "end": {
          "line": 81,
          "column": 30
        }
      },
      "30": {
        "start": {
          "line": 82,
          "column": 4
        },
        "end": {
          "line": 82,
          "column": 22
        }
      },
      "31": {
        "start": {
          "line": 83,
          "column": 4
        },
        "end": {
          "line": 83,
          "column": 24
        }
      },
      "32": {
        "start": {
          "line": 85,
          "column": 18
        },
        "end": {
          "line": 85,
          "column": 102
        }
      },
      "33": {
        "start": {
          "line": 88,
          "column": 22
        },
        "end": {
          "line": 139,
          "column": 3
        }
      },
      "34": {
        "start": {
          "line": 89,
          "column": 104
        },
        "end": {
          "line": 89,
          "column": 123
        }
      },
      "35": {
        "start": {
          "line": 90,
          "column": 20
        },
        "end": {
          "line": 95,
          "column": 10
        }
      },
      "36": {
        "start": {
          "line": 91,
          "column": 6
        },
        "end": {
          "line": 93,
          "column": 7
        }
      },
      "37": {
        "start": {
          "line": 92,
          "column": 8
        },
        "end": {
          "line": 92,
          "column": 29
        }
      },
      "38": {
        "start": {
          "line": 94,
          "column": 6
        },
        "end": {
          "line": 94,
          "column": 17
        }
      },
      "39": {
        "start": {
          "line": 97,
          "column": 4
        },
        "end": {
          "line": 138,
          "column": 113
        }
      },
      "40": {
        "start": {
          "line": 137,
          "column": 17
        },
        "end": {
          "line": 137,
          "column": 54
        }
      },
      "41": {
        "start": {
          "line": 138,
          "column": 20
        },
        "end": {
          "line": 138,
          "column": 112
        }
      },
      "42": {
        "start": {
          "line": 141,
          "column": 25
        },
        "end": {
          "line": 175,
          "column": 3
        }
      },
      "43": {
        "start": {
          "line": 142,
          "column": 4
        },
        "end": {
          "line": 174,
          "column": 115
        }
      },
      "44": {
        "start": {
          "line": 173,
          "column": 17
        },
        "end": {
          "line": 173,
          "column": 55
        }
      },
      "45": {
        "start": {
          "line": 174,
          "column": 20
        },
        "end": {
          "line": 174,
          "column": 114
        }
      },
      "46": {
        "start": {
          "line": 177,
          "column": 2
        },
        "end": {
          "line": 253,
          "column": 3
        }
      },
      "47": {
        "start": {
          "line": 204,
          "column": 35
        },
        "end": {
          "line": 204,
          "column": 110
        }
      },
      "48": {
        "start": {
          "line": 204,
          "column": 61
        },
        "end": {
          "line": 204,
          "column": 109
        }
      },
      "49": {
        "start": {
          "line": 205,
          "column": 10
        },
        "end": {
          "line": 210,
          "column": 19
        }
      },
      "50": {
        "start": {
          "line": 224,
          "column": 35
        },
        "end": {
          "line": 224,
          "column": 109
        }
      },
      "51": {
        "start": {
          "line": 224,
          "column": 60
        },
        "end": {
          "line": 224,
          "column": 108
        }
      },
      "52": {
        "start": {
          "line": 225,
          "column": 10
        },
        "end": {
          "line": 230,
          "column": 19
        }
      },
      "53": {
        "start": {
          "line": 241,
          "column": 35
        },
        "end": {
          "line": 241,
          "column": 99
        }
      },
      "54": {
        "start": {
          "line": 241,
          "column": 67
        },
        "end": {
          "line": 241,
          "column": 98
        }
      },
      "55": {
        "start": {
          "line": 242,
          "column": 10
        },
        "end": {
          "line": 246,
          "column": 19
        }
      }
    },
    "fnMap": {
      "0": {
        "name": "(anonymous_0)",
        "decl": {
          "start": {
            "line": 14,
            "column": 12
          },
          "end": {
            "line": 14,
            "column": 13
          }
        },
        "loc": {
          "start": {
            "line": 14,
            "column": 26
          },
          "end": {
            "line": 254,
            "column": 1
          }
        },
        "line": 14
      },
      "1": {
        "name": "(anonymous_1)",
        "decl": {
          "start": {
            "line": 26,
            "column": 23
          },
          "end": {
            "line": 26,
            "column": 24
          }
        },
        "loc": {
          "start": {
            "line": 26,
            "column": 37
          },
          "end": {
            "line": 28,
            "column": 3
          }
        },
        "line": 26
      },
      "2": {
        "name": "(anonymous_2)",
        "decl": {
          "start": {
            "line": 30,
            "column": 12
          },
          "end": {
            "line": 30,
            "column": 13
          }
        },
        "loc": {
          "start": {
            "line": 30,
            "column": 18
          },
          "end": {
            "line": 42,
            "column": 3
          }
        },
        "line": 30
      },
      "3": {
        "name": "(anonymous_3)",
        "decl": {
          "start": {
            "line": 32,
            "column": 12
          },
          "end": {
            "line": 32,
            "column": 13
          }
        },
        "loc": {
          "start": {
            "line": 32,
            "column": 20
          },
          "end": {
            "line": 40,
            "column": 7
          }
        },
        "line": 32
      },
      "4": {
        "name": "(anonymous_4)",
        "decl": {
          "start": {
            "line": 33,
            "column": 51
          },
          "end": {
            "line": 33,
            "column": 52
          }
        },
        "loc": {
          "start": {
            "line": 33,
            "column": 70
          },
          "end": {
            "line": 37,
            "column": 9
          }
        },
        "line": 33
      },
      "5": {
        "name": "(anonymous_5)",
        "decl": {
          "start": {
            "line": 41,
            "column": 13
          },
          "end": {
            "line": 41,
            "column": 14
          }
        },
        "loc": {
          "start": {
            "line": 41,
            "column": 22
          },
          "end": {
            "line": 41,
            "column": 172
          }
        },
        "line": 41
      },
      "6": {
        "name": "(anonymous_6)",
        "decl": {
          "start": {
            "line": 44,
            "column": 19
          },
          "end": {
            "line": 44,
            "column": 20
          }
        },
        "loc": {
          "start": {
            "line": 44,
            "column": 46
          },
          "end": {
            "line": 51,
            "column": 3
          }
        },
        "line": 44
      },
      "7": {
        "name": "(anonymous_7)",
        "decl": {
          "start": {
            "line": 46,
            "column": 12
          },
          "end": {
            "line": 46,
            "column": 13
          }
        },
        "loc": {
          "start": {
            "line": 46,
            "column": 20
          },
          "end": {
            "line": 49,
            "column": 7
          }
        },
        "line": 46
      },
      "8": {
        "name": "(anonymous_8)",
        "decl": {
          "start": {
            "line": 50,
            "column": 13
          },
          "end": {
            "line": 50,
            "column": 14
          }
        },
        "loc": {
          "start": {
            "line": 50,
            "column": 22
          },
          "end": {
            "line": 50,
            "column": 198
          }
        },
        "line": 50
      },
      "9": {
        "name": "(anonymous_9)",
        "decl": {
          "start": {
            "line": 53,
            "column": 18
          },
          "end": {
            "line": 53,
            "column": 19
          }
        },
        "loc": {
          "start": {
            "line": 53,
            "column": 33
          },
          "end": {
            "line": 86,
            "column": 3
          }
        },
        "line": 53
      },
      "10": {
        "name": "(anonymous_10)",
        "decl": {
          "start": {
            "line": 80,
            "column": 8
          },
          "end": {
            "line": 80,
            "column": 9
          }
        },
        "loc": {
          "start": {
            "line": 80,
            "column": 20
          },
          "end": {
            "line": 84,
            "column": 3
          }
        },
        "line": 80
      },
      "11": {
        "name": "(anonymous_11)",
        "decl": {
          "start": {
            "line": 85,
            "column": 9
          },
          "end": {
            "line": 85,
            "column": 10
          }
        },
        "loc": {
          "start": {
            "line": 85,
            "column": 18
          },
          "end": {
            "line": 85,
            "column": 102
          }
        },
        "line": 85
      },
      "12": {
        "name": "(anonymous_12)",
        "decl": {
          "start": {
            "line": 88,
            "column": 22
          },
          "end": {
            "line": 88,
            "column": 23
          }
        },
        "loc": {
          "start": {
            "line": 88,
            "column": 42
          },
          "end": {
            "line": 139,
            "column": 3
          }
        },
        "line": 88
      },
      "13": {
        "name": "(anonymous_13)",
        "decl": {
          "start": {
            "line": 90,
            "column": 59
          },
          "end": {
            "line": 90,
            "column": 60
          }
        },
        "loc": {
          "start": {
            "line": 90,
            "column": 77
          },
          "end": {
            "line": 95,
            "column": 5
          }
        },
        "line": 90
      },
      "14": {
        "name": "(anonymous_14)",
        "decl": {
          "start": {
            "line": 137,
            "column": 10
          },
          "end": {
            "line": 137,
            "column": 11
          }
        },
        "loc": {
          "start": {
            "line": 137,
            "column": 17
          },
          "end": {
            "line": 137,
            "column": 54
          }
        },
        "line": 137
      },
      "15": {
        "name": "(anonymous_15)",
        "decl": {
          "start": {
            "line": 138,
            "column": 11
          },
          "end": {
            "line": 138,
            "column": 12
          }
        },
        "loc": {
          "start": {
            "line": 138,
            "column": 20
          },
          "end": {
            "line": 138,
            "column": 112
          }
        },
        "line": 138
      },
      "16": {
        "name": "(anonymous_16)",
        "decl": {
          "start": {
            "line": 141,
            "column": 25
          },
          "end": {
            "line": 141,
            "column": 26
          }
        },
        "loc": {
          "start": {
            "line": 141,
            "column": 39
          },
          "end": {
            "line": 175,
            "column": 3
          }
        },
        "line": 141
      },
      "17": {
        "name": "(anonymous_17)",
        "decl": {
          "start": {
            "line": 173,
            "column": 10
          },
          "end": {
            "line": 173,
            "column": 11
          }
        },
        "loc": {
          "start": {
            "line": 173,
            "column": 17
          },
          "end": {
            "line": 173,
            "column": 55
          }
        },
        "line": 173
      },
      "18": {
        "name": "(anonymous_18)",
        "decl": {
          "start": {
            "line": 174,
            "column": 11
          },
          "end": {
            "line": 174,
            "column": 12
          }
        },
        "loc": {
          "start": {
            "line": 174,
            "column": 20
          },
          "end": {
            "line": 174,
            "column": 114
          }
        },
        "line": 174
      },
      "19": {
        "name": "(anonymous_19)",
        "decl": {
          "start": {
            "line": 203,
            "column": 53
          },
          "end": {
            "line": 203,
            "column": 54
          }
        },
        "loc": {
          "start": {
            "line": 203,
            "column": 67
          },
          "end": {
            "line": 211,
            "column": 11
          }
        },
        "line": 203
      },
      "20": {
        "name": "(anonymous_20)",
        "decl": {
          "start": {
            "line": 204,
            "column": 49
          },
          "end": {
            "line": 204,
            "column": 50
          }
        },
        "loc": {
          "start": {
            "line": 204,
            "column": 61
          },
          "end": {
            "line": 204,
            "column": 109
          }
        },
        "line": 204
      },
      "21": {
        "name": "(anonymous_21)",
        "decl": {
          "start": {
            "line": 223,
            "column": 52
          },
          "end": {
            "line": 223,
            "column": 53
          }
        },
        "loc": {
          "start": {
            "line": 223,
            "column": 66
          },
          "end": {
            "line": 231,
            "column": 11
          }
        },
        "line": 223
      },
      "22": {
        "name": "(anonymous_22)",
        "decl": {
          "start": {
            "line": 224,
            "column": 48
          },
          "end": {
            "line": 224,
            "column": 49
          }
        },
        "loc": {
          "start": {
            "line": 224,
            "column": 60
          },
          "end": {
            "line": 224,
            "column": 108
          }
        },
        "line": 224
      },
      "23": {
        "name": "(anonymous_23)",
        "decl": {
          "start": {
            "line": 240,
            "column": 51
          },
          "end": {
            "line": 240,
            "column": 52
          }
        },
        "loc": {
          "start": {
            "line": 240,
            "column": 65
          },
          "end": {
            "line": 247,
            "column": 11
          }
        },
        "line": 240
      },
      "24": {
        "name": "(anonymous_24)",
        "decl": {
          "start": {
            "line": 241,
            "column": 55
          },
          "end": {
            "line": 241,
            "column": 56
          }
        },
        "loc": {
          "start": {
            "line": 241,
            "column": 67
          },
          "end": {
            "line": 241,
            "column": 98
          }
        },
        "line": 241
      }
    },
    "branchMap": {
      "0": {
        "loc": {
          "start": {
            "line": 91,
            "column": 6
          },
          "end": {
            "line": 93,
            "column": 7
          }
        },
        "type": "if",
        "locations": [
          {
            "start": {
              "line": 91,
              "column": 6
            },
            "end": {
              "line": 93,
              "column": 7
            }
          },
          {
            "start": {
              "line": 91,
              "column": 6
            },
            "end": {
              "line": 93,
              "column": 7
            }
          }
        ],
        "line": 91
      }
    },
    "s": {
      "0": 13,
      "1": 256,
      "2": 256,
      "3": 256,
      "4": 256,
      "5": 256,
      "6": 256,
      "7": 256,
      "8": 256,
      "9": 256,
      "10": 256,
      "11": 256,
      "12": 15,
      "13": 256,
      "14": 13,
      "15": 5,
      "16": 15,
      "17": 15,
      "18": 15,
      "19": 5,
      "20": 5,
      "21": 3,
      "22": 256,
      "23": 2,
      "24": 2,
      "25": 2,
      "26": 0,
      "27": 256,
      "28": 11,
      "29": 11,
      "30": 11,
      "31": 11,
      "32": 0,
      "33": 256,
      "34": 4,
      "35": 4,
      "36": 8,
      "37": 8,
      "38": 8,
      "39": 4,
      "40": 2,
      "41": 2,
      "42": 256,
      "43": 3,
      "44": 2,
      "45": 1,
      "46": 256,
      "47": 0,
      "48": 0,
      "49": 0,
      "50": 0,
      "51": 0,
      "52": 0,
      "53": 0,
      "54": 0,
      "55": 0
    },
    "f": {
      "0": 256,
      "1": 15,
      "2": 13,
      "3": 5,
      "4": 15,
      "5": 3,
      "6": 2,
      "7": 2,
      "8": 0,
      "9": 11,
      "10": 11,
      "11": 0,
      "12": 4,
      "13": 8,
      "14": 2,
      "15": 2,
      "16": 3,
      "17": 2,
      "18": 1,
      "19": 0,
      "20": 0,
      "21": 0,
      "22": 0,
      "23": 0,
      "24": 0
    },
    "b": {
      "0": [
        8,
        0
      ]
    },
    "_coverageSchema": "1a1c01bbd47fc00a2c39e90264f33305004495a9",
    "hash": "233fc7ea63974cd04b30f422392a27caa830d38c"
  },
  "/Users/anthonys/turing/4module/projects/capstone/eat-local-fe/src/index.js": {
    "path": "/Users/anthonys/turing/4module/projects/capstone/eat-local-fe/src/index.js",
    "statementMap": {
      "0": {
        "start": {
          "line": 8,
          "column": 15
        },
        "end": {
          "line": 11,
          "column": 2
        }
      },
      "1": {
        "start": {
          "line": 14,
          "column": 13
        },
        "end": {
          "line": 14,
          "column": 65
        }
      },
      "2": {
        "start": {
          "line": 15,
          "column": 0
        },
        "end": {
          "line": 21,
          "column": 2
        }
      }
    },
    "fnMap": {},
    "branchMap": {},
    "s": {
      "0": 13,
      "1": 13,
      "2": 13
    },
    "f": {},
    "b": {},
    "_coverageSchema": "1a1c01bbd47fc00a2c39e90264f33305004495a9",
    "hash": "d5b197d992c36ff67a05d74185aab9898a49ec47"
  }
}